#
# A fatal error has been detected by the Java Runtime Environment:
#
#  EXCEPTION_ACCESS_VIOLATION (0xc0000005) at pc=0x0000000009ecee1f, pid=7796, tid=6712
#
# JRE version: 7.0_01-b08
# Java VM: Java HotSpot(TM) 64-Bit Server VM (21.1-b02 mixed mode windows-amd64 compressed oops)
# Problematic frame:
# C  [ig4icd64.dll+0x3ee1f]
#
# Failed to write core dump. Minidumps are not enabled by default on client versions of Windows
#
# If you would like to submit a bug report, please visit:
#   http://bugreport.sun.com/bugreport/crash.jsp
# The crash happened outside the Java Virtual Machine in native code.
# See problematic frame for where to report the bug.
#

---------------  T H R E A D  ---------------

Current thread (0x00000000078af800):  JavaThread "AWT-EventQueue-0" [_thread_in_native, id=6712, stack(0x0000000009690000,0x0000000009790000)]

siginfo: ExceptionCode=0xc0000005, writing address 0x00000000000001b8

Registers:
RAX=0x000000000ca6a0b0, RBX=0x000000000cc22180, RCX=0x000000000cac5958, RDX=0x000000000ca6f698
RSP=0x000000000978cdf0, RBP=0x000000000ca6f698, RSI=0x000000000ca470f0, RDI=0x000000000ca6a0b0
R8 =0x0000000000000000, R9 =0x000000000ca6f698, R10=0x000000000c512430, R11=0x000000000a5e3c20
R12=0x0000000000000001, R13=0x000007feebfc4d70, R14=0x0000000000001a38, R15=0x000007feec0904d0
RIP=0x0000000009ecee1f, EFLAGS=0x0000000000010202

Top of Stack: (sp=0x000000000978cdf0)
0x000000000978cdf0:   000000000cc22180 000000000ca6f698
0x000000000978ce00:   000000000ca470f0 000007feff2c3019
0x000000000978ce10:   fffffffffffffffe 0000000077042788
0x000000000978ce20:   0000000001070534 00000000770100f4
0x000000000978ce30:   000000000ca6a0b0 000000000a14f25b
0x000000000978ce40:   000000000cc22180 000000000ca37bd0
0x000000000978ce50:   000000000ca6f698 000007feebfa0000
0x000000000978ce60:   000000000978ce78 0000000000000000
0x000000000978ce70:   0000000000000000 000000000978ce78
0x000000000978ce80:   000000000978ce78 0000000000000001
0x000000000978ce90:   00000000000f2d28 000007fffffd3000
0x000000000978cea0:   000000000074616d 00000000078af800
0x000000000978ceb0:   000000000978d100 00000000dc735690
0x000000000978cec0:   0000000000000000 0000000000000000
0x000000000978ced0:   0000000075c399db 0000000000010003
0x000000000978cee0:   00000000078af800 000000000978d100 

Instructions: (pc=0x0000000009ecee1f)
0x0000000009ecedff:   8d 90 b5 00 00 44 8b 86 a8 01 00 00 ba 40 8d 00
0x0000000009ecee0f:   00 48 8b cd e8 18 d1 00 00 4c 8b 85 90 b5 00 00
0x0000000009ecee1f:   41 ff 88 b8 01 00 00 41 83 b8 b8 01 00 00 00 75
0x0000000009ecee2f:   15 49 8b 88 b0 01 00 00 48 85 c9 74 09 48 8b 01 


Register to memory mapping:

RAX=0x000000000ca6a0b0 is an unknown value
RBX=0x000000000cc22180 is an unknown value
RCX=0x000000000cac5958 is an unknown value
RDX=0x000000000ca6f698 is an unknown value
RSP=0x000000000978cdf0 is pointing into the stack for thread: 0x00000000078af800
RBP=0x000000000ca6f698 is an unknown value
RSI=0x000000000ca470f0 is an unknown value
RDI=0x000000000ca6a0b0 is an unknown value
R8 =0x0000000000000000 is an unknown value
R9 =0x000000000ca6f698 is an unknown value
R10=0x000000000c512430 is an unknown value
R11=0x000000000a5e3c20 is an unknown value
R12=0x0000000000000001 is an unknown value
R13=0x000007feebfc4d70 is an unknown value
R14=0x0000000000001a38 is an unknown value
R15=0x000007feec0904d0 is an unknown value


Stack: [0x0000000009690000,0x0000000009790000],  sp=0x000000000978cdf0,  free space=1011k
Native frames: (J=compiled Java code, j=interpreted, Vv=VM code, C=native code)
C  [ig4icd64.dll+0x3ee1f]

Java frames: (J=compiled Java code, j=interpreted, Vv=VM code)
j  org.lwjgl.opengl.WindowsContextImplementation.nMakeCurrent(Ljava/nio/ByteBuffer;Ljava/nio/ByteBuffer;)V+0
j  org.lwjgl.opengl.WindowsContextImplementation.makeCurrent(Lorg/lwjgl/opengl/PeerInfo;Ljava/nio/ByteBuffer;)V+7
j  org.lwjgl.opengl.ContextGL.makeCurrent()V+46
j  org.lwjgl.opengl.DrawableGL.makeCurrent()V+14
j  org.lwjgl.opengl.Display.makeCurrent()V+3
j  org.lwjgl.opengl.Display.makeCurrentAndSetSwapInterval()V+0
j  org.lwjgl.opengl.Display.setDisplayModeAndFullscreenInternal(ZLorg/lwjgl/opengl/DisplayMode;)V+88
j  org.lwjgl.opengl.Display.setFullscreen(Z)V+4
j  com.easypc.gui.Gui.fullscreen()V+4
j  com.easypc.gui.Gui.ButtonCallBack(Lcom/easypc/gui/ImageButtonLabel;)V+9
j  com.easypc.gui.ImageButtonLabel.mousePressed(Ljava/awt/event/MouseEvent;)V+30
j  java.awt.Component.processMouseEvent(Ljava/awt/event/MouseEvent;)V+54
j  javax.swing.JComponent.processMouseEvent(Ljava/awt/event/MouseEvent;)V+23
j  java.awt.Component.processEvent(Ljava/awt/AWTEvent;)V+81
j  java.awt.Container.processEvent(Ljava/awt/AWTEvent;)V+18
j  java.awt.Component.dispatchEventImpl(Ljava/awt/AWTEvent;)V+581
j  java.awt.Container.dispatchEventImpl(Ljava/awt/AWTEvent;)V+42
j  java.awt.Component.dispatchEvent(Ljava/awt/AWTEvent;)V+2
j  java.awt.LightweightDispatcher.retargetMouseEvent(Ljava/awt/Component;ILjava/awt/event/MouseEvent;)V+327
j  java.awt.LightweightDispatcher.processMouseEvent(Ljava/awt/event/MouseEvent;)Z+126
j  java.awt.LightweightDispatcher.dispatchEvent(Ljava/awt/AWTEvent;)Z+50
j  java.awt.Container.dispatchEventImpl(Ljava/awt/AWTEvent;)V+12
j  java.awt.Window.dispatchEventImpl(Ljava/awt/AWTEvent;)V+19
j  java.awt.Component.dispatchEvent(Ljava/awt/AWTEvent;)V+2
j  java.awt.EventQueue.dispatchEventImpl(Ljava/awt/AWTEvent;Ljava/lang/Object;)V+41
j  java.awt.EventQueue.access$000(Ljava/awt/EventQueue;Ljava/awt/AWTEvent;Ljava/lang/Object;)V+3
j  java.awt.EventQueue$3.run()Ljava/lang/Void;+12
j  java.awt.EventQueue$3.run()Ljava/lang/Object;+1
v  ~StubRoutines::call_stub
j  java.security.AccessController.doPrivileged(Ljava/security/PrivilegedAction;Ljava/security/AccessControlContext;)Ljava/lang/Object;+0
j  java.security.ProtectionDomain$1.doIntersectionPrivilege(Ljava/security/PrivilegedAction;Ljava/security/AccessControlContext;Ljava/security/AccessControlContext;)Ljava/lang/Object;+28
j  java.security.ProtectionDomain$1.doIntersectionPrivilege(Ljava/security/PrivilegedAction;Ljava/security/AccessControlContext;)Ljava/lang/Object;+6
j  java.awt.EventQueue$4.run()Ljava/lang/Void;+11
j  java.awt.EventQueue$4.run()Ljava/lang/Object;+1
v  ~StubRoutines::call_stub
j  java.security.AccessController.doPrivileged(Ljava/security/PrivilegedAction;Ljava/security/AccessControlContext;)Ljava/lang/Object;+0
j  java.security.ProtectionDomain$1.doIntersectionPrivilege(Ljava/security/PrivilegedAction;Ljava/security/AccessControlContext;Ljava/security/AccessControlContext;)Ljava/lang/Object;+28
j  java.awt.EventQueue.dispatchEvent(Ljava/awt/AWTEvent;)V+73
j  java.awt.EventDispatchThread.pumpOneEventForFilters(I)Z+245
j  java.awt.EventDispatchThread.pumpEventsForFilter(ILjava/awt/Conditional;Ljava/awt/EventFilter;)V+35
j  java.awt.EventDispatchThread.pumpEventsForHierarchy(ILjava/awt/Conditional;Ljava/awt/Component;)V+11
j  java.awt.EventDispatchThread.pumpEvents(ILjava/awt/Conditional;)V+4
j  java.awt.EventDispatchThread.pumpEvents(Ljava/awt/Conditional;)V+3
j  java.awt.EventDispatchThread.run()V+9
v  ~StubRoutines::call_stub

---------------  P R O C E S S  ---------------

Java Threads: ( => current thread )
  0x0000000008609800 JavaThread "Thread-0" [_thread_in_Java, id=7484, stack(0x000000000c900000,0x000000000ca00000)]
  0x0000000007e29000 JavaThread "TimerQueue" daemon [_thread_blocked, id=9720, stack(0x000000000c770000,0x000000000c870000)]
  0x000000000224b800 JavaThread "DestroyJavaVM" [_thread_blocked, id=8160, stack(0x0000000002620000,0x0000000002720000)]
=>0x00000000078af800 JavaThread "AWT-EventQueue-0" [_thread_in_native, id=6712, stack(0x0000000009690000,0x0000000009790000)]
  0x0000000005b76800 JavaThread "AWT-Windows" daemon [_thread_in_native, id=5548, stack(0x00000000071c0000,0x00000000072c0000)]
  0x0000000005b73800 JavaThread "AWT-Shutdown" [_thread_blocked, id=3968, stack(0x00000000070a0000,0x00000000071a0000)]
  0x0000000005b73000 JavaThread "Java2D Disposer" daemon [_thread_blocked, id=8464, stack(0x0000000006e80000,0x0000000006f80000)]
  0x0000000005a74800 JavaThread "Service Thread" daemon [_thread_blocked, id=8784, stack(0x00000000069b0000,0x0000000006ab0000)]
  0x0000000005a73800 JavaThread "C2 CompilerThread1" daemon [_thread_blocked, id=9760, stack(0x0000000006820000,0x0000000006920000)]
  0x0000000005a5e000 JavaThread "C2 CompilerThread0" daemon [_thread_blocked, id=9980, stack(0x0000000006670000,0x0000000006770000)]
  0x0000000005a5c800 JavaThread "Attach Listener" daemon [_thread_blocked, id=6196, stack(0x0000000005ec0000,0x0000000005fc0000)]
  0x0000000005a5b000 JavaThread "Signal Dispatcher" daemon [_thread_blocked, id=6980, stack(0x0000000006290000,0x0000000006390000)]
  0x00000000059d6000 JavaThread "Finalizer" daemon [_thread_blocked, id=4500, stack(0x00000000063e0000,0x00000000064e0000)]
  0x00000000059cc000 JavaThread "Reference Handler" daemon [_thread_blocked, id=1056, stack(0x0000000006130000,0x0000000006230000)]

Other Threads:
  0x00000000059c7000 VMThread [stack: 0x0000000005ff0000,0x00000000060f0000] [id=4336]
  0x0000000005a7d000 WatcherThread [stack: 0x0000000006b80000,0x0000000006c80000] [id=6216]

VM state:not at safepoint (normal execution)

VM Mutex/Monitor currently owned by a thread: None

Heap
 PSYoungGen      total 17280K, used 12811K [0x00000000f5ab0000, 0x00000000f7c70000, 0x0000000100000000)
  eden space 16000K, 72% used [0x00000000f5ab0000,0x00000000f6602c18,0x00000000f6a50000)
  from space 1280K, 95% used [0x00000000f6a50000,0x00000000f6b80020,0x00000000f6b90000)
  to   space 1280K, 0% used [0x00000000f7b30000,0x00000000f7b30000,0x00000000f7c70000)
 PSOldGen        total 21120K, used 2628K [0x00000000e1000000, 0x00000000e24a0000, 0x00000000f5ab0000)
  object space 21120K, 12% used [0x00000000e1000000,0x00000000e1291360,0x00000000e24a0000)
 PSPermGen       total 21248K, used 11054K [0x00000000dbe00000, 0x00000000dd2c0000, 0x00000000e1000000)
  object space 21248K, 52% used [0x00000000dbe00000,0x00000000dc8cbb00,0x00000000dd2c0000)

Code Cache  [0x0000000002720000, 0x0000000002990000, 0x0000000005720000)
 total_blobs=646 nmethods=160 adapters=437 free_code_cache=48259Kb largest_free_block=49398272

Dynamic libraries:
0x000000013f220000 - 0x000000013f253000 	C:\Program Files\Java\jre7\bin\javaw.exe
0x0000000077020000 - 0x00000000771c9000 	C:\Windows\SYSTEM32\ntdll.dll
0x0000000076cb0000 - 0x0000000076dcf000 	C:\Windows\system32\kernel32.dll
0x000007fefd650000 - 0x000007fefd6bc000 	C:\Windows\system32\KERNELBASE.dll
0x000007feff140000 - 0x000007feff21b000 	C:\Windows\system32\ADVAPI32.dll
0x000007fefdce0000 - 0x000007fefdd7f000 	C:\Windows\system32\msvcrt.dll
0x000007feff050000 - 0x000007feff06f000 	C:\Windows\SYSTEM32\sechost.dll
0x000007fefdb00000 - 0x000007fefdc2d000 	C:\Windows\system32\RPCRT4.dll
0x0000000076dd0000 - 0x0000000076eca000 	C:\Windows\system32\USER32.dll
0x000007feff2c0000 - 0x000007feff327000 	C:\Windows\system32\GDI32.dll
0x000007fefdf80000 - 0x000007fefdf8e000 	C:\Windows\system32\LPK.dll
0x000007fefd850000 - 0x000007fefd919000 	C:\Windows\system32\USP10.dll
0x000007fefbbb0000 - 0x000007fefbda4000 	C:\Windows\WinSxS\amd64_microsoft.windows.common-controls_6595b64144ccf1df_6.0.7601.17514_none_fa396087175ac9ac\COMCTL32.dll
0x000007fefde60000 - 0x000007fefded1000 	C:\Windows\system32\SHLWAPI.dll
0x000007feff070000 - 0x000007feff09e000 	C:\Windows\system32\IMM32.DLL
0x000007fefed30000 - 0x000007fefee39000 	C:\Windows\system32\MSCTF.dll
0x000000006eea0000 - 0x000000006ef71000 	C:\Program Files\Java\jre7\bin\msvcr100.dll
0x0000000066030000 - 0x00000000666fd000 	C:\Program Files\Java\jre7\bin\server\jvm.dll
0x000007fefa1f0000 - 0x000007fefa1f9000 	C:\Windows\system32\WSOCK32.dll
0x000007fefdc90000 - 0x000007fefdcdd000 	C:\Windows\system32\WS2_32.dll
0x000007fefdf90000 - 0x000007fefdf98000 	C:\Windows\system32\NSI.dll
0x000007fefb1f0000 - 0x000007fefb22b000 	C:\Windows\system32\WINMM.dll
0x00000000771f0000 - 0x00000000771f7000 	C:\Windows\system32\PSAPI.DLL
0x00000000747c0000 - 0x00000000747cf000 	C:\Program Files\Java\jre7\bin\verify.dll
0x0000000073330000 - 0x0000000073358000 	C:\Program Files\Java\jre7\bin\java.dll
0x0000000073280000 - 0x0000000073295000 	C:\Program Files\Java\jre7\bin\zip.dll
0x000000006c2e0000 - 0x000000006c473000 	C:\Program Files\Java\jre7\bin\awt.dll
0x000007fefdd80000 - 0x000007fefde57000 	C:\Windows\system32\OLEAUT32.dll
0x000007fefee40000 - 0x000007feff043000 	C:\Windows\system32\ole32.dll
0x0000000180000000 - 0x000000018004f000 	C:\Users\assmannn\third-party\lwjgl-2.8.3\native\windows\lwjgl64.dll
0x000007feebfa0000 - 0x000007feec0bd000 	C:\Windows\system32\OPENGL32.dll
0x000007fefaef0000 - 0x000007fefaf1d000 	C:\Windows\system32\GLU32.dll
0x000007feeb4f0000 - 0x000007feeb5e1000 	C:\Windows\system32\DDRAW.dll
0x000007fefc1a0000 - 0x000007fefc1a8000 	C:\Windows\system32\DCIMAN32.dll
0x000007fefd920000 - 0x000007fefdaf7000 	C:\Windows\system32\SETUPAPI.dll
0x000007fefd610000 - 0x000007fefd646000 	C:\Windows\system32\CFGMGR32.dll
0x000007fefd6c0000 - 0x000007fefd6da000 	C:\Windows\system32\DEVOBJ.dll
0x000007fefb100000 - 0x000007fefb118000 	C:\Windows\system32\dwmapi.dll
0x000007fefc5d0000 - 0x000007fefc5dc000 	C:\Windows\system32\VERSION.dll
0x000007fefb550000 - 0x000007fefb5a6000 	C:\Windows\system32\uxtheme.dll
0x000007fefd3b0000 - 0x000007fefd3bf000 	C:\Windows\system32\CRYPTBASE.dll
0x0000000073380000 - 0x0000000073387000 	C:\Program Files\Java\jre7\bin\jawt.dll
0x000007fefdfa0000 - 0x000007fefed28000 	C:\Windows\system32\SHELL32.dll
0x0000000070280000 - 0x00000000702b4000 	C:\Program Files\Java\jre7\bin\fontmanager.dll
0x000007feff220000 - 0x000007feff2b9000 	C:\Windows\system32\CLBCatQ.DLL
0x00000000702e0000 - 0x00000000702f9000 	C:\Program Files\Java\jre7\bin\net.dll
0x000007fefccf0000 - 0x000007fefcd45000 	C:\Windows\system32\mswsock.dll
0x000007fefcce0000 - 0x000007fefcce7000 	C:\Windows\System32\wship6.dll
0x00000000702c0000 - 0x00000000702d1000 	C:\Program Files\Java\jre7\bin\nio.dll
0x0000000070190000 - 0x00000000701d1000 	C:\Program Files\Java\jre7\bin\t2k.dll
0x0000000009e90000 - 0x000000000a65a000 	C:\Windows\system32\ig4icd64.dll
0x000000000a7a0000 - 0x000000000acac000 	C:\Windows\system32\ig4dev64.dll
0x000007feec6f0000 - 0x000007feec78c000 	C:\Windows\system32\mscms.dll
0x000007fefc7b0000 - 0x000007fefc7ce000 	C:\Windows\system32\USERENV.dll
0x000007fefd480000 - 0x000007fefd48f000 	C:\Windows\system32\profapi.dll
0x000007feec7e0000 - 0x000007feec822000 	C:\Windows\system32\icm32.dll

VM Arguments:
jvm_args: -Djava.library.path=C:\Users\assmannn\third-party\lwjgl-2.8.3\native\windows -Dfile.encoding=Cp1252 
java_command: com.easypc.controller._main
Launcher Type: SUN_STANDARD

Environment Variables:
JAVA_HOME=C:\Program Files\Java\jdk1.7.0_01
PATH=C:\Python25\;C:\Program Files\RA2HP\;C:\Windows\system32;C:\Windows;C:\Windows\System32\Wbem;C:\Windows\System32\WindowsPowerShell\v1.0\;C:\Program Files\ActivIdentity\ActivClient\;C:\Program Files (x86)\ActivIdentity\ActivClient\;C:\Python25\Scripts;C:\Program Files\TortoiseSVN\bin;C:\Program Files (x86)\Autodesk\Backburner\;C:\Program Files\Common Files\Autodesk Shared\;C:\Python25\;C:\Program Files\RA2HP\;C:\Windows\system32;C:\Windows;C:\Windows\System32\Wbem;C:\Windows\System32\WindowsPowerShell\v1.0\;C:\Program Files\ActivIdentity\ActivClient\;C:\Program Files (x86)\ActivIdentity\ActivClient\;C:\Python25\Scripts;C:\Users\assmannn\MyPrograms\gource;C:\Program Files (x86)\Git\bin;C:\Users\assmannn\MyPrograms\apache-maven-3.0.4\bin
USERNAME=assmannn
OS=Windows_NT
PROCESSOR_IDENTIFIER=Intel64 Family 6 Model 23 Stepping 10, GenuineIntel



---------------  S Y S T E M  ---------------

OS: Windows 7 , 64 bit Build 7601 Service Pack 1

CPU:total 2 (2 cores per cpu, 1 threads per core) family 6 model 23 stepping 10, cmov, cx8, fxsr, mmx, sse, sse2, sse3, ssse3, sse4.1

Memory: 4k page, physical 2023668k(440484k free), swap 4659348k(1127044k free)

vm_info: Java HotSpot(TM) 64-Bit Server VM (21.1-b02) for windows-amd64 JRE (1.7.0_01-b08), built on Oct  3 2011 01:39:25 by "java_re" with unknown MS VC++:1600

time: Wed Apr 18 16:30:45 2012
elapsed time: 19 seconds

