#
# A fatal error has been detected by the Java Runtime Environment:
#
#  EXCEPTION_ACCESS_VIOLATION (0xc0000005) at pc=0x0000000009bbee1f, pid=352, tid=8828
#
# JRE version: 7.0_01-b08
# Java VM: Java HotSpot(TM) 64-Bit Server VM (21.1-b02 mixed mode windows-amd64 compressed oops)
# Problematic frame:
# C  [ig4icd64.dll+0x3ee1f]
#
# Failed to write core dump. Minidumps are not enabled by default on client versions of Windows
#
# If you would like to submit a bug report, please visit:
#   http://bugreport.sun.com/bugreport/crash.jsp
# The crash happened outside the Java Virtual Machine in native code.
# See problematic frame for where to report the bug.
#

---------------  T H R E A D  ---------------

Current thread (0x0000000006c92800):  JavaThread "AWT-EventQueue-0" [_thread_in_native, id=8828, stack(0x00000000094a0000,0x00000000095a0000)]

siginfo: ExceptionCode=0xc0000005, writing address 0x00000000000001b8

Registers:
RAX=0x000000000c88ba50, RBX=0x000000000c996490, RCX=0x000000000c8fe798, RDX=0x000000000c8a84d8
RSP=0x000000000959d200, RBP=0x000000000c8a84d8, RSI=0x000000000c192c90, RDI=0x000000000c88ba50
R8 =0x0000000000000000, R9 =0x000000000c8a84d8, R10=0x000000000c295ed0, R11=0x000000000a2d3c20
R12=0x0000000000000001, R13=0x000007feebfc4d70, R14=0x000000000000227c, R15=0x000007feec0904d0
RIP=0x0000000009bbee1f, EFLAGS=0x0000000000010202

Top of Stack: (sp=0x000000000959d200)
0x000000000959d200:   000000000c996490 000000000c8a84d8
0x000000000959d210:   000000000c192c90 000007feff2c3019
0x000000000959d220:   fffffffffffffffe 0000000077042788
0x000000000959d230:   00000000002709ce ffffffffdb012055
0x000000000959d240:   000000000c88ba50 0000000009e3f25b
0x000000000959d250:   000000000c996490 000000000c39e660
0x000000000959d260:   000000000c8a84d8 000007feebfa0000
0x000000000959d270:   000000000959d288 0000000000000000
0x000000000959d280:   0000000000000000 000000000959d288
0x000000000959d290:   000000000959d288 0000000000000001
0x000000000959d2a0:   0000000000462d28 000007fffffdf000
0x000000000959d2b0:   000000000074616d 0000000006c92800
0x000000000959d2c0:   000000000959d510 00000000dc7356d8
0x000000000959d2d0:   0000000000000000 0000000000000000
0x000000000959d2e0:   0000000075fd837b 0000000000010003
0x000000000959d2f0:   0000000006c92800 000000000959d510 

Instructions: (pc=0x0000000009bbee1f)
0x0000000009bbedff:   8d 90 b5 00 00 44 8b 86 a8 01 00 00 ba 40 8d 00
0x0000000009bbee0f:   00 48 8b cd e8 18 d1 00 00 4c 8b 85 90 b5 00 00
0x0000000009bbee1f:   41 ff 88 b8 01 00 00 41 83 b8 b8 01 00 00 00 75
0x0000000009bbee2f:   15 49 8b 88 b0 01 00 00 48 85 c9 74 09 48 8b 01 


Register to memory mapping:

RAX=0x000000000c88ba50 is an unknown value
RBX=0x000000000c996490 is an unknown value
RCX=0x000000000c8fe798 is an unknown value
RDX=0x000000000c8a84d8 is an unknown value
RSP=0x000000000959d200 is pointing into the stack for thread: 0x0000000006c92800
RBP=0x000000000c8a84d8 is an unknown value
RSI=0x000000000c192c90 is an unknown value
RDI=0x000000000c88ba50 is an unknown value
R8 =0x0000000000000000 is an unknown value
R9 =0x000000000c8a84d8 is an unknown value
R10=0x000000000c295ed0 is an unknown value
R11=0x000000000a2d3c20 is an unknown value
R12=0x0000000000000001 is an unknown value
R13=0x000007feebfc4d70 is an unknown value
R14=0x000000000000227c is an unknown value
R15=0x000007feec0904d0 is an unknown value


Stack: [0x00000000094a0000,0x00000000095a0000],  sp=0x000000000959d200,  free space=1012k
Native frames: (J=compiled Java code, j=interpreted, Vv=VM code, C=native code)
C  [ig4icd64.dll+0x3ee1f]

Java frames: (J=compiled Java code, j=interpreted, Vv=VM code)
j  org.lwjgl.opengl.WindowsContextImplementation.nMakeCurrent(Ljava/nio/ByteBuffer;Ljava/nio/ByteBuffer;)V+0
j  org.lwjgl.opengl.WindowsContextImplementation.makeCurrent(Lorg/lwjgl/opengl/PeerInfo;Ljava/nio/ByteBuffer;)V+7
j  org.lwjgl.opengl.ContextGL.makeCurrent()V+46
j  org.lwjgl.opengl.DrawableGL.makeCurrent()V+14
j  org.lwjgl.opengl.Display.makeCurrent()V+3
j  org.lwjgl.opengl.Display.makeCurrentAndSetSwapInterval()V+0
j  org.lwjgl.opengl.Display.setParent(Ljava/awt/Canvas;)V+52
j  com.easypc.gui.Gui.fullscreen()V+11
j  com.easypc.gui.Gui.ButtonCallBack(Lcom/easypc/gui/ImageButtonLabel;)V+9
j  com.easypc.gui.ImageButtonLabel.mousePressed(Ljava/awt/event/MouseEvent;)V+30
j  java.awt.Component.processMouseEvent(Ljava/awt/event/MouseEvent;)V+54
j  javax.swing.JComponent.processMouseEvent(Ljava/awt/event/MouseEvent;)V+23
j  java.awt.Component.processEvent(Ljava/awt/AWTEvent;)V+81
j  java.awt.Container.processEvent(Ljava/awt/AWTEvent;)V+18
j  java.awt.Component.dispatchEventImpl(Ljava/awt/AWTEvent;)V+581
j  java.awt.Container.dispatchEventImpl(Ljava/awt/AWTEvent;)V+42
j  java.awt.Component.dispatchEvent(Ljava/awt/AWTEvent;)V+2
j  java.awt.LightweightDispatcher.retargetMouseEvent(Ljava/awt/Component;ILjava/awt/event/MouseEvent;)V+327
j  java.awt.LightweightDispatcher.processMouseEvent(Ljava/awt/event/MouseEvent;)Z+126
j  java.awt.LightweightDispatcher.dispatchEvent(Ljava/awt/AWTEvent;)Z+50
j  java.awt.Container.dispatchEventImpl(Ljava/awt/AWTEvent;)V+12
j  java.awt.Window.dispatchEventImpl(Ljava/awt/AWTEvent;)V+19
j  java.awt.Component.dispatchEvent(Ljava/awt/AWTEvent;)V+2
j  java.awt.EventQueue.dispatchEventImpl(Ljava/awt/AWTEvent;Ljava/lang/Object;)V+41
j  java.awt.EventQueue.access$000(Ljava/awt/EventQueue;Ljava/awt/AWTEvent;Ljava/lang/Object;)V+3
j  java.awt.EventQueue$3.run()Ljava/lang/Void;+12
j  java.awt.EventQueue$3.run()Ljava/lang/Object;+1
v  ~StubRoutines::call_stub
J  java.security.AccessController.doPrivileged(Ljava/security/PrivilegedAction;Ljava/security/AccessControlContext;)Ljava/lang/Object;
J  java.security.ProtectionDomain$1.doIntersectionPrivilege(Ljava/security/PrivilegedAction;Ljava/security/AccessControlContext;Ljava/security/AccessControlContext;)Ljava/lang/Object;
j  java.security.ProtectionDomain$1.doIntersectionPrivilege(Ljava/security/PrivilegedAction;Ljava/security/AccessControlContext;)Ljava/lang/Object;+6
j  java.awt.EventQueue$4.run()Ljava/lang/Void;+11
j  java.awt.EventQueue$4.run()Ljava/lang/Object;+1
v  ~StubRoutines::call_stub
J  java.security.AccessController.doPrivileged(Ljava/security/PrivilegedAction;Ljava/security/AccessControlContext;)Ljava/lang/Object;
J  java.awt.EventDispatchThread.pumpOneEventForFilters(I)Z
j  java.awt.EventDispatchThread.pumpEventsForFilter(ILjava/awt/Conditional;Ljava/awt/EventFilter;)V+35
j  java.awt.EventDispatchThread.pumpEventsForHierarchy(ILjava/awt/Conditional;Ljava/awt/Component;)V+11
j  java.awt.EventDispatchThread.pumpEvents(ILjava/awt/Conditional;)V+4
j  java.awt.EventDispatchThread.pumpEvents(Ljava/awt/Conditional;)V+3
j  java.awt.EventDispatchThread.run()V+9
v  ~StubRoutines::call_stub

---------------  P R O C E S S  ---------------

Java Threads: ( => current thread )
  0x0000000006c94800 JavaThread "Thread-0" [_thread_blocked, id=4164, stack(0x000000000c740000,0x000000000c840000)]
  0x0000000006c94000 JavaThread "TimerQueue" daemon [_thread_blocked, id=7312, stack(0x000000000c4f0000,0x000000000c5f0000)]
  0x0000000006c93000 JavaThread "DestroyJavaVM" [_thread_blocked, id=5476, stack(0x0000000002430000,0x0000000002530000)]
=>0x0000000006c92800 JavaThread "AWT-EventQueue-0" [_thread_in_native, id=8828, stack(0x00000000094a0000,0x00000000095a0000)]
  0x0000000006c91800 JavaThread "AWT-Windows" daemon [_thread_in_native, id=7260, stack(0x00000000073f0000,0x00000000074f0000)]
  0x0000000006c91000 JavaThread "AWT-Shutdown" [_thread_blocked, id=1388, stack(0x0000000007120000,0x0000000007220000)]
  0x0000000006c90800 JavaThread "Java2D Disposer" daemon [_thread_blocked, id=6932, stack(0x0000000007220000,0x0000000007320000)]
  0x0000000005b26000 JavaThread "Service Thread" daemon [_thread_blocked, id=8804, stack(0x0000000006900000,0x0000000006a00000)]
  0x0000000005b1d000 JavaThread "C2 CompilerThread1" daemon [_thread_blocked, id=10080, stack(0x0000000006040000,0x0000000006140000)]
  0x0000000005aff800 JavaThread "C2 CompilerThread0" daemon [_thread_blocked, id=9476, stack(0x0000000006780000,0x0000000006880000)]
  0x0000000005afc800 JavaThread "Attach Listener" daemon [_thread_blocked, id=1848, stack(0x00000000065b0000,0x00000000066b0000)]
  0x0000000005afb800 JavaThread "Signal Dispatcher" daemon [_thread_blocked, id=7180, stack(0x0000000006410000,0x0000000006510000)]
  0x0000000005a76000 JavaThread "Finalizer" daemon [_thread_blocked, id=4408, stack(0x00000000062f0000,0x00000000063f0000)]
  0x0000000005a6c000 JavaThread "Reference Handler" daemon [_thread_blocked, id=6176, stack(0x0000000006170000,0x0000000006270000)]

Other Threads:
  0x0000000005a67000 VMThread [stack: 0x0000000005f30000,0x0000000006030000] [id=9520]
  0x0000000005b2f000 WatcherThread [stack: 0x0000000006a50000,0x0000000006b50000] [id=5964]

VM state:not at safepoint (normal execution)

VM Mutex/Monitor currently owned by a thread: None

Heap
 PSYoungGen      total 33280K, used 6180K [0x00000000f5ab0000, 0x00000000f7c70000, 0x0000000100000000)
  eden space 32000K, 15% used [0x00000000f5ab0000,0x00000000f5f7c3f8,0x00000000f79f0000)
  from space 1280K, 99% used [0x00000000f7b30000,0x00000000f7c6cd10,0x00000000f7c70000)
  to   space 1280K, 0% used [0x00000000f79f0000,0x00000000f79f0000,0x00000000f7b30000)
 PSOldGen        total 21120K, used 6086K [0x00000000e1000000, 0x00000000e24a0000, 0x00000000f5ab0000)
  object space 21120K, 28% used [0x00000000e1000000,0x00000000e15f1840,0x00000000e24a0000)
 PSPermGen       total 21248K, used 11076K [0x00000000dbe00000, 0x00000000dd2c0000, 0x00000000e1000000)
  object space 21248K, 52% used [0x00000000dbe00000,0x00000000dc8d1388,0x00000000dd2c0000)

Code Cache  [0x0000000002530000, 0x00000000027a0000, 0x0000000005530000)
 total_blobs=734 nmethods=248 adapters=437 free_code_cache=48107Kb largest_free_block=49213312

Dynamic libraries:
0x000000013f930000 - 0x000000013f963000 	C:\Program Files\Java\jre7\bin\javaw.exe
0x0000000077020000 - 0x00000000771c9000 	C:\Windows\SYSTEM32\ntdll.dll
0x0000000076cb0000 - 0x0000000076dcf000 	C:\Windows\system32\kernel32.dll
0x000007fefd650000 - 0x000007fefd6bc000 	C:\Windows\system32\KERNELBASE.dll
0x000007feff140000 - 0x000007feff21b000 	C:\Windows\system32\ADVAPI32.dll
0x000007fefdce0000 - 0x000007fefdd7f000 	C:\Windows\system32\msvcrt.dll
0x000007feff050000 - 0x000007feff06f000 	C:\Windows\SYSTEM32\sechost.dll
0x000007fefdb00000 - 0x000007fefdc2d000 	C:\Windows\system32\RPCRT4.dll
0x0000000076dd0000 - 0x0000000076eca000 	C:\Windows\system32\USER32.dll
0x000007feff2c0000 - 0x000007feff327000 	C:\Windows\system32\GDI32.dll
0x000007fefdf80000 - 0x000007fefdf8e000 	C:\Windows\system32\LPK.dll
0x000007fefd850000 - 0x000007fefd919000 	C:\Windows\system32\USP10.dll
0x000007fefbbb0000 - 0x000007fefbda4000 	C:\Windows\WinSxS\amd64_microsoft.windows.common-controls_6595b64144ccf1df_6.0.7601.17514_none_fa396087175ac9ac\COMCTL32.dll
0x000007fefde60000 - 0x000007fefded1000 	C:\Windows\system32\SHLWAPI.dll
0x000007feff070000 - 0x000007feff09e000 	C:\Windows\system32\IMM32.DLL
0x000007fefed30000 - 0x000007fefee39000 	C:\Windows\system32\MSCTF.dll
0x000000006eea0000 - 0x000000006ef71000 	C:\Program Files\Java\jre7\bin\msvcr100.dll
0x0000000066030000 - 0x00000000666fd000 	C:\Program Files\Java\jre7\bin\server\jvm.dll
0x000007fefa1f0000 - 0x000007fefa1f9000 	C:\Windows\system32\WSOCK32.dll
0x000007fefdc90000 - 0x000007fefdcdd000 	C:\Windows\system32\WS2_32.dll
0x000007fefdf90000 - 0x000007fefdf98000 	C:\Windows\system32\NSI.dll
0x000007fefb1f0000 - 0x000007fefb22b000 	C:\Windows\system32\WINMM.dll
0x00000000771f0000 - 0x00000000771f7000 	C:\Windows\system32\PSAPI.DLL
0x00000000747c0000 - 0x00000000747cf000 	C:\Program Files\Java\jre7\bin\verify.dll
0x0000000073330000 - 0x0000000073358000 	C:\Program Files\Java\jre7\bin\java.dll
0x0000000073280000 - 0x0000000073295000 	C:\Program Files\Java\jre7\bin\zip.dll
0x000000006c2e0000 - 0x000000006c473000 	C:\Program Files\Java\jre7\bin\awt.dll
0x000007fefdd80000 - 0x000007fefde57000 	C:\Windows\system32\OLEAUT32.dll
0x000007fefee40000 - 0x000007feff043000 	C:\Windows\system32\ole32.dll
0x0000000180000000 - 0x000000018004f000 	C:\Users\assmannn\third-party\lwjgl-2.8.3\native\windows\lwjgl64.dll
0x000007feebfa0000 - 0x000007feec0bd000 	C:\Windows\system32\OPENGL32.dll
0x000007fefaef0000 - 0x000007fefaf1d000 	C:\Windows\system32\GLU32.dll
0x000007feeb4f0000 - 0x000007feeb5e1000 	C:\Windows\system32\DDRAW.dll
0x000007fefc1a0000 - 0x000007fefc1a8000 	C:\Windows\system32\DCIMAN32.dll
0x000007fefd920000 - 0x000007fefdaf7000 	C:\Windows\system32\SETUPAPI.dll
0x000007fefd610000 - 0x000007fefd646000 	C:\Windows\system32\CFGMGR32.dll
0x000007fefd6c0000 - 0x000007fefd6da000 	C:\Windows\system32\DEVOBJ.dll
0x000007fefb100000 - 0x000007fefb118000 	C:\Windows\system32\dwmapi.dll
0x000007fefc5d0000 - 0x000007fefc5dc000 	C:\Windows\system32\VERSION.dll
0x000007fefb550000 - 0x000007fefb5a6000 	C:\Windows\system32\uxtheme.dll
0x000007fefd3b0000 - 0x000007fefd3bf000 	C:\Windows\system32\CRYPTBASE.dll
0x0000000073380000 - 0x0000000073387000 	C:\Program Files\Java\jre7\bin\jawt.dll
0x000007fefdfa0000 - 0x000007fefed28000 	C:\Windows\system32\SHELL32.dll
0x0000000070280000 - 0x00000000702b4000 	C:\Program Files\Java\jre7\bin\fontmanager.dll
0x000007feff220000 - 0x000007feff2b9000 	C:\Windows\system32\CLBCatQ.DLL
0x0000000009b80000 - 0x000000000a34a000 	C:\Windows\system32\ig4icd64.dll
0x00000000702e0000 - 0x00000000702f9000 	C:\Program Files\Java\jre7\bin\net.dll
0x000007fefccf0000 - 0x000007fefcd45000 	C:\Windows\system32\mswsock.dll
0x000007fefcce0000 - 0x000007fefcce7000 	C:\Windows\System32\wship6.dll
0x00000000702c0000 - 0x00000000702d1000 	C:\Program Files\Java\jre7\bin\nio.dll
0x0000000070190000 - 0x00000000701d1000 	C:\Program Files\Java\jre7\bin\t2k.dll
0x000000000a5f0000 - 0x000000000aafc000 	C:\Windows\system32\ig4dev64.dll
0x000007feec8f0000 - 0x000007feec98c000 	C:\Windows\system32\mscms.dll
0x000007fefc7b0000 - 0x000007fefc7ce000 	C:\Windows\system32\USERENV.dll
0x000007fefd480000 - 0x000007fefd48f000 	C:\Windows\system32\profapi.dll
0x000007feed920000 - 0x000007feed962000 	C:\Windows\system32\icm32.dll

VM Arguments:
jvm_args: -Djava.library.path=C:\Users\assmannn\third-party\lwjgl-2.8.3\native\windows -Dfile.encoding=Cp1252 
java_command: com.easypc.controller._main
Launcher Type: SUN_STANDARD

Environment Variables:
JAVA_HOME=C:\Program Files\Java\jdk1.7.0_01
PATH=C:\Python25\;C:\Program Files\RA2HP\;C:\Windows\system32;C:\Windows;C:\Windows\System32\Wbem;C:\Windows\System32\WindowsPowerShell\v1.0\;C:\Program Files\ActivIdentity\ActivClient\;C:\Program Files (x86)\ActivIdentity\ActivClient\;C:\Python25\Scripts;C:\Program Files\TortoiseSVN\bin;C:\Program Files (x86)\Autodesk\Backburner\;C:\Program Files\Common Files\Autodesk Shared\;C:\Python25\;C:\Program Files\RA2HP\;C:\Windows\system32;C:\Windows;C:\Windows\System32\Wbem;C:\Windows\System32\WindowsPowerShell\v1.0\;C:\Program Files\ActivIdentity\ActivClient\;C:\Program Files (x86)\ActivIdentity\ActivClient\;C:\Python25\Scripts;C:\Users\assmannn\MyPrograms\gource;C:\Program Files (x86)\Git\bin;C:\Users\assmannn\MyPrograms\apache-maven-3.0.4\bin
USERNAME=assmannn
OS=Windows_NT
PROCESSOR_IDENTIFIER=Intel64 Family 6 Model 23 Stepping 10, GenuineIntel



---------------  S Y S T E M  ---------------

OS: Windows 7 , 64 bit Build 7601 Service Pack 1

CPU:total 2 (2 cores per cpu, 1 threads per core) family 6 model 23 stepping 10, cmov, cx8, fxsr, mmx, sse, sse2, sse3, ssse3, sse4.1

Memory: 4k page, physical 2023668k(366748k free), swap 4659348k(1049836k free)

vm_info: Java HotSpot(TM) 64-Bit Server VM (21.1-b02) for windows-amd64 JRE (1.7.0_01-b08), built on Oct  3 2011 01:39:25 by "java_re" with unknown MS VC++:1600

time: Wed Apr 18 16:33:49 2012
elapsed time: 7 seconds

